<?xml version="1.0" encoding="UTF-8"?>
<!-- Generated by org.testng.reporters.JUnitReportReporter -->
<testsuite hostname="DESKTOP-6MEAIUE" name="TestNG.FirstTest" tests="1" failures="0" timestamp="28 Jan 2016 05:29:16 GMT" time="0.006" errors="0">
  <testcase name="f" time="0.006" classname="TestNG.FirstTest"/>
</testsuite> <!-- TestNG.FirstTest -->
